d:\scriptforge\scriptforge\x64\debug\vc143.pdb
d:\scriptforge\scriptforge\x64\debug\vc143.idb
d:\scriptforge\scriptforge\x64\debug\runtimetests.obj
d:\scriptforge\scriptforge\x64\debug\parsertests.obj
d:\scriptforge\scriptforge\x64\debug\lexertests.obj
d:\scriptforge\scriptforge\x64\debug\integrationtests.obj
d:\scriptforge\scriptforge\x64\debug\logger.obj
d:\scriptforge\scriptforge\x64\debug\errorhandler.obj
d:\scriptforge\scriptforge\x64\debug\standardlibrary.obj
d:\scriptforge\scriptforge\x64\debug\interpreter.obj
d:\scriptforge\scriptforge\x64\debug\parser.obj
d:\scriptforge\scriptforge\x64\debug\ast.obj
d:\scriptforge\scriptforge\x64\debug\token.obj
d:\scriptforge\scriptforge\x64\debug\lexer.obj
d:\scriptforge\scriptforge\x64\debug\compiler.obj
d:\scriptforge\scriptforge\x64\debug\bytecodeemitter.obj
d:\scriptforge\x64\debug\xenoscript.exe
d:\scriptforge\x64\debug\xenoscript.pdb
d:\scriptforge\scriptforge\x64\debug\xenoscript.ilk
d:\scriptforge\scriptforge\x64\debug\lexertests.new.obj.enc
d:\scriptforge\scriptforge\x64\debug\parser.new.obj.enc
d:\scriptforge\scriptforge\x64\debug\xenoscript.tlog\cl.command.1.tlog
d:\scriptforge\scriptforge\x64\debug\xenoscript.tlog\cl.items.tlog
d:\scriptforge\scriptforge\x64\debug\xenoscript.tlog\cl.read.1.tlog
d:\scriptforge\scriptforge\x64\debug\xenoscript.tlog\cl.write.1.tlog
d:\scriptforge\scriptforge\x64\debug\xenoscript.tlog\link.command.1.tlog
d:\scriptforge\scriptforge\x64\debug\xenoscript.tlog\link.read.1.tlog
d:\scriptforge\scriptforge\x64\debug\xenoscript.tlog\link.secondary.1.tlog
d:\scriptforge\scriptforge\x64\debug\xenoscript.tlog\link.write.1.tlog
